<?xml version="1.0" encoding="UTF-8"?>
<testsuite xmlns:xsi="http://www.w3.org/2001/XMLSchema-instance" xsi:noNamespaceSchemaLocation="https://maven.apache.org/surefire/maven-surefire-plugin/xsd/surefire-test-report.xsd" version="3.0.2" name="com.one.aim.AimApplicationTests" time="12.006" tests="1" errors="0" skipped="0" failures="0">
  <properties>
[...]
</properties>
  <testcase name="contextLoads" classname="com.one.aim.AimApplicationTests" time="0.506">
    <system-out><![CDATA[Standard Commons Logging discovery in action with spring-jcl: please remove commons-logging.jar from classpath in order to avoid potential conflicts
15:07:40.306 [main] INFO org.springframework.test.context.support.AnnotationConfigContextLoaderUtils -- Could not detect default configuration classes for test class [com.one.aim.AimApplicationTests]: AimApplicationTests does not declare any static, non-private, non-final, nested classes annotated with @Configuration.
15:07:40.466 [main] INFO org.springframework.boot.test.context.SpringBootTestContextBootstrapper -- Found @SpringBootConfiguration com.one.AimApplication for test class com.one.aim.AimApplicationTests
15:07:40.612 [main] INFO org.springframework.boot.devtools.restart.RestartApplicationListener -- Restart disabled due to context in which it is running

  .   ____          _            __ _ _
 /\\ / ___'_ __ _ _(_)_ __  __ _ \ \ \ \
( ( )\___ | '_ | '_| | '_ \/ _` | \ \ \ \
 \\/  ___)| |_)| | | | | || (_| |  ) ) ) )
  '  |____| .__|_| |_|_| |_\__, | / / / /
 =========|_|==============|___/=/_/_/_/

 :: Spring Boot ::                (v3.4.4)

2026-01-05 15:07:41.086 &amp#27;[34mINFO &amp#27;[0;39m [main] &amp#27;[36mc.o.a.AimApplicationTests&amp#27;[0;39m - Starting AimApplicationTests using Java 17.0.17 with PID 493205 (started by ubuntu in /home/ubuntu/ecom-backend)
2026-01-05 15:07:41.087 &amp#27;[39mDEBUG&amp#27;[0;39m [main] &amp#27;[36mc.o.a.AimApplicationTests&amp#27;[0;39m - Running with Spring Boot v3.4.4, Spring v6.2.5
2026-01-05 15:07:41.088 &amp#27;[34mINFO &amp#27;[0;39m [main] &amp#27;[36mc.o.a.AimApplicationTests&amp#27;[0;39m - The following 1 profile is active: "dev"
2026-01-05 15:07:43.700 &amp#27;[34mINFO &amp#27;[0;39m [main] &amp#27;[36mc.z.h.HikariDataSource&amp#27;[0;39m - HikariPool-1 - Starting...
2026-01-05 15:07:43.872 &amp#27;[34mINFO &amp#27;[0;39m [main] &amp#27;[36mc.z.h.p.HikariPool&amp#27;[0;39m - HikariPool-1 - Added connection com.mysql.cj.jdbc.ConnectionImpl@51468039
2026-01-05 15:07:43.875 &amp#27;[34mINFO &amp#27;[0;39m [main] &amp#27;[36mc.z.h.HikariDataSource&amp#27;[0;39m - HikariPool-1 - Start completed.
2026-01-05 15:07:48.393 &amp#27;[39mDEBUG&amp#27;[0;39m [main] &amp#27;[36morg.hibernate.SQL&amp#27;[0;39m - select asb1_0.id,asb1_0.setting_key,asb1_0.setting_value from admin_settings asb1_0 where asb1_0.setting_key=?
Hibernate: select asb1_0.id,asb1_0.setting_key,asb1_0.setting_value from admin_settings asb1_0 where asb1_0.setting_key=?
2026-01-05 15:07:48.412 &amp#27;[39mDEBUG&amp#27;[0;39m [main] &amp#27;[36morg.hibernate.SQL&amp#27;[0;39m - select asb1_0.id,asb1_0.setting_key,asb1_0.setting_value from admin_settings asb1_0 where asb1_0.setting_key=?
Hibernate: select asb1_0.id,asb1_0.setting_key,asb1_0.setting_value from admin_settings asb1_0 where asb1_0.setting_key=?
2026-01-05 15:07:48.415 &amp#27;[39mDEBUG&amp#27;[0;39m [main] &amp#27;[36morg.hibernate.SQL&amp#27;[0;39m - select asb1_0.id,asb1_0.setting_key,asb1_0.setting_value from admin_settings asb1_0 where asb1_0.setting_key=?
Hibernate: select asb1_0.id,asb1_0.setting_key,asb1_0.setting_value from admin_settings asb1_0 where asb1_0.setting_key=?
2026-01-05 15:07:48.417 &amp#27;[39mDEBUG&amp#27;[0;39m [main] &amp#27;[36morg.hibernate.SQL&amp#27;[0;39m - select asb1_0.id,asb1_0.setting_key,asb1_0.setting_value from admin_settings asb1_0 where asb1_0.setting_key=?
Hibernate: select asb1_0.id,asb1_0.setting_key,asb1_0.setting_value from admin_settings asb1_0 where asb1_0.setting_key=?
2026-01-05 15:07:48.420 &amp#27;[39mDEBUG&amp#27;[0;39m [main] &amp#27;[36morg.hibernate.SQL&amp#27;[0;39m - select asb1_0.id,asb1_0.setting_key,asb1_0.setting_value from admin_settings asb1_0 where asb1_0.setting_key=?
Hibernate: select asb1_0.id,asb1_0.setting_key,asb1_0.setting_value from admin_settings asb1_0 where asb1_0.setting_key=?
2026-01-05 15:07:48.422 &amp#27;[39mDEBUG&amp#27;[0;39m [main] &amp#27;[36morg.hibernate.SQL&amp#27;[0;39m - select asb1_0.id,asb1_0.setting_key,asb1_0.setting_value from admin_settings asb1_0 where asb1_0.setting_key=?
Hibernate: select asb1_0.id,asb1_0.setting_key,asb1_0.setting_value from admin_settings asb1_0 where asb1_0.setting_key=?
2026-01-05 15:07:48.425 &amp#27;[39mDEBUG&amp#27;[0;39m [main] &amp#27;[36morg.hibernate.SQL&amp#27;[0;39m - select asb1_0.id,asb1_0.setting_key,asb1_0.setting_value from admin_settings asb1_0 where asb1_0.setting_key=?
Hibernate: select asb1_0.id,asb1_0.setting_key,asb1_0.setting_value from admin_settings asb1_0 where asb1_0.setting_key=?
2026-01-05 15:07:48.427 &amp#27;[39mDEBUG&amp#27;[0;39m [main] &amp#27;[36morg.hibernate.SQL&amp#27;[0;39m - select asb1_0.id,asb1_0.setting_key,asb1_0.setting_value from admin_settings asb1_0 where asb1_0.setting_key=?
Hibernate: select asb1_0.id,asb1_0.setting_key,asb1_0.setting_value from admin_settings asb1_0 where asb1_0.setting_key=?
2026-01-05 15:07:48.430 &amp#27;[39mDEBUG&amp#27;[0;39m [main] &amp#27;[36morg.hibernate.SQL&amp#27;[0;39m - select asb1_0.id,asb1_0.setting_key,asb1_0.setting_value from admin_settings asb1_0 where asb1_0.setting_key=?
Hibernate: select asb1_0.id,asb1_0.setting_key,asb1_0.setting_value from admin_settings asb1_0 where asb1_0.setting_key=?
2026-01-05 15:07:48.432 &amp#27;[39mDEBUG&amp#27;[0;39m [main] &amp#27;[36morg.hibernate.SQL&amp#27;[0;39m - select asb1_0.id,asb1_0.setting_key,asb1_0.setting_value from admin_settings asb1_0 where asb1_0.setting_key=?
Hibernate: select asb1_0.id,asb1_0.setting_key,asb1_0.setting_value from admin_settings asb1_0 where asb1_0.setting_key=?
2026-01-05 15:07:48.435 &amp#27;[39mDEBUG&amp#27;[0;39m [main] &amp#27;[36morg.hibernate.SQL&amp#27;[0;39m - select asb1_0.id,asb1_0.setting_key,asb1_0.setting_value from admin_settings asb1_0 where asb1_0.setting_key=?
Hibernate: select asb1_0.id,asb1_0.setting_key,asb1_0.setting_value from admin_settings asb1_0 where asb1_0.setting_key=?
2026-01-05 15:07:48.437 &amp#27;[39mDEBUG&amp#27;[0;39m [main] &amp#27;[36morg.hibernate.SQL&amp#27;[0;39m - select asb1_0.id,asb1_0.setting_key,asb1_0.setting_value from admin_settings asb1_0 where asb1_0.setting_key=?
Hibernate: select asb1_0.id,asb1_0.setting_key,asb1_0.setting_value from admin_settings asb1_0 where asb1_0.setting_key=?
2026-01-05 15:07:48.439 &amp#27;[39mDEBUG&amp#27;[0;39m [main] &amp#27;[36morg.hibernate.SQL&amp#27;[0;39m - select asb1_0.id,asb1_0.setting_key,asb1_0.setting_value from admin_settings asb1_0 where asb1_0.setting_key=?
Hibernate: select asb1_0.id,asb1_0.setting_key,asb1_0.setting_value from admin_settings asb1_0 where asb1_0.setting_key=?
2026-01-05 15:07:48.442 &amp#27;[39mDEBUG&amp#27;[0;39m [main] &amp#27;[36morg.hibernate.SQL&amp#27;[0;39m - select asb1_0.id,asb1_0.setting_key,asb1_0.setting_value from admin_settings asb1_0 where asb1_0.setting_key=?
Hibernate: select asb1_0.id,asb1_0.setting_key,asb1_0.setting_value from admin_settings asb1_0 where asb1_0.setting_key=?
2026-01-05 15:07:48.444 &amp#27;[39mDEBUG&amp#27;[0;39m [main] &amp#27;[36morg.hibernate.SQL&amp#27;[0;39m - select asb1_0.id,asb1_0.setting_key,asb1_0.setting_value from admin_settings asb1_0 where asb1_0.setting_key=?
Hibernate: select asb1_0.id,asb1_0.setting_key,asb1_0.setting_value from admin_settings asb1_0 where asb1_0.setting_key=?
2026-01-05 15:07:48.447 &amp#27;[39mDEBUG&amp#27;[0;39m [main] &amp#27;[36morg.hibernate.SQL&amp#27;[0;39m - select asb1_0.id,asb1_0.setting_key,asb1_0.setting_value from admin_settings asb1_0 where asb1_0.setting_key=?
Hibernate: select asb1_0.id,asb1_0.setting_key,asb1_0.setting_value from admin_settings asb1_0 where asb1_0.setting_key=?
2026-01-05 15:07:48.449 &amp#27;[39mDEBUG&amp#27;[0;39m [main] &amp#27;[36morg.hibernate.SQL&amp#27;[0;39m - select asb1_0.id,asb1_0.setting_key,asb1_0.setting_value from admin_settings asb1_0 where asb1_0.setting_key=?
Hibernate: select asb1_0.id,asb1_0.setting_key,asb1_0.setting_value from admin_settings asb1_0 where asb1_0.setting_key=?
2026-01-05 15:07:48.451 &amp#27;[39mDEBUG&amp#27;[0;39m [main] &amp#27;[36morg.hibernate.SQL&amp#27;[0;39m - select asb1_0.id,asb1_0.setting_key,asb1_0.setting_value from admin_settings asb1_0 where asb1_0.setting_key=?
Hibernate: select asb1_0.id,asb1_0.setting_key,asb1_0.setting_value from admin_settings asb1_0 where asb1_0.setting_key=?
2026-01-05 15:07:48.454 &amp#27;[39mDEBUG&amp#27;[0;39m [main] &amp#27;[36morg.hibernate.SQL&amp#27;[0;39m - select asb1_0.id,asb1_0.setting_key,asb1_0.setting_value from admin_settings asb1_0 where asb1_0.setting_key=?
Hibernate: select asb1_0.id,asb1_0.setting_key,asb1_0.setting_value from admin_settings asb1_0 where asb1_0.setting_key=?
2026-01-05 15:07:48.456 &amp#27;[39mDEBUG&amp#27;[0;39m [main] &amp#27;[36morg.hibernate.SQL&amp#27;[0;39m - select asb1_0.id,asb1_0.setting_key,asb1_0.setting_value from admin_settings asb1_0 where asb1_0.setting_key=?
Hibernate: select asb1_0.id,asb1_0.setting_key,asb1_0.setting_value from admin_settings asb1_0 where asb1_0.setting_key=?
2026-01-05 15:07:48.458 &amp#27;[39mDEBUG&amp#27;[0;39m [main] &amp#27;[36morg.hibernate.SQL&amp#27;[0;39m - select asb1_0.id,asb1_0.setting_key,asb1_0.setting_value from admin_settings asb1_0 where asb1_0.setting_key=?
Hibernate: select asb1_0.id,asb1_0.setting_key,asb1_0.setting_value from admin_settings asb1_0 where asb1_0.setting_key=?
2026-01-05 15:07:48.461 &amp#27;[39mDEBUG&amp#27;[0;39m [main] &amp#27;[36morg.hibernate.SQL&amp#27;[0;39m - select asb1_0.id,asb1_0.setting_key,asb1_0.setting_value from admin_settings asb1_0 where asb1_0.setting_key=?
Hibernate: select asb1_0.id,asb1_0.setting_key,asb1_0.setting_value from admin_settings asb1_0 where asb1_0.setting_key=?
2026-01-05 15:07:48.463 &amp#27;[39mDEBUG&amp#27;[0;39m [main] &amp#27;[36morg.hibernate.SQL&amp#27;[0;39m - select asb1_0.id,asb1_0.setting_key,asb1_0.setting_value from admin_settings asb1_0 where asb1_0.setting_key=?
Hibernate: select asb1_0.id,asb1_0.setting_key,asb1_0.setting_value from admin_settings asb1_0 where asb1_0.setting_key=?
2026-01-05 15:07:48.465 &amp#27;[39mDEBUG&amp#27;[0;39m [main] &amp#27;[36morg.hibernate.SQL&amp#27;[0;39m - select asb1_0.id,asb1_0.setting_key,asb1_0.setting_value from admin_settings asb1_0 where asb1_0.setting_key=?
Hibernate: select asb1_0.id,asb1_0.setting_key,asb1_0.setting_value from admin_settings asb1_0 where asb1_0.setting_key=?
2026-01-05 15:07:48.467 &amp#27;[39mDEBUG&amp#27;[0;39m [main] &amp#27;[36morg.hibernate.SQL&amp#27;[0;39m - select asb1_0.id,asb1_0.setting_key,asb1_0.setting_value from admin_settings asb1_0 where asb1_0.setting_key=?
Hibernate: select asb1_0.id,asb1_0.setting_key,asb1_0.setting_value from admin_settings asb1_0 where asb1_0.setting_key=?
2026-01-05 15:07:48.469 &amp#27;[39mDEBUG&amp#27;[0;39m [main] &amp#27;[36morg.hibernate.SQL&amp#27;[0;39m - select asb1_0.id,asb1_0.setting_key,asb1_0.setting_value from admin_settings asb1_0 where asb1_0.setting_key=?
Hibernate: select asb1_0.id,asb1_0.setting_key,asb1_0.setting_value from admin_settings asb1_0 where asb1_0.setting_key=?
2026-01-05 15:07:48.470 &amp#27;[39mDEBUG&amp#27;[0;39m [main] &amp#27;[36morg.hibernate.SQL&amp#27;[0;39m - select asb1_0.id,asb1_0.setting_key,asb1_0.setting_value from admin_settings asb1_0 where asb1_0.setting_key=?
Hibernate: select asb1_0.id,asb1_0.setting_key,asb1_0.setting_value from admin_settings asb1_0 where asb1_0.setting_key=?
2026-01-05 15:07:48.473 &amp#27;[39mDEBUG&amp#27;[0;39m [main] &amp#27;[36morg.hibernate.SQL&amp#27;[0;39m - select asb1_0.id,asb1_0.setting_key,asb1_0.setting_value from admin_settings asb1_0 where asb1_0.setting_key=?
Hibernate: select asb1_0.id,asb1_0.setting_key,asb1_0.setting_value from admin_settings asb1_0 where asb1_0.setting_key=?
2026-01-05 15:07:48.475 &amp#27;[39mDEBUG&amp#27;[0;39m [main] &amp#27;[36morg.hibernate.SQL&amp#27;[0;39m - select asb1_0.id,asb1_0.setting_key,asb1_0.setting_value from admin_settings asb1_0 where asb1_0.setting_key=?
Hibernate: select asb1_0.id,asb1_0.setting_key,asb1_0.setting_value from admin_settings asb1_0 where asb1_0.setting_key=?
2026-01-05 15:07:48.479 &amp#27;[39mDEBUG&amp#27;[0;39m [main] &amp#27;[36morg.hibernate.SQL&amp#27;[0;39m - select asb1_0.id,asb1_0.setting_key,asb1_0.setting_value from admin_settings asb1_0 where asb1_0.setting_key=?
Hibernate: select asb1_0.id,asb1_0.setting_key,asb1_0.setting_value from admin_settings asb1_0 where asb1_0.setting_key=?
2026-01-05 15:07:48.483 &amp#27;[39mDEBUG&amp#27;[0;39m [main] &amp#27;[36morg.hibernate.SQL&amp#27;[0;39m - select asb1_0.id,asb1_0.setting_key,asb1_0.setting_value from admin_settings asb1_0 where asb1_0.setting_key=?
Hibernate: select asb1_0.id,asb1_0.setting_key,asb1_0.setting_value from admin_settings asb1_0 where asb1_0.setting_key=?
2026-01-05 15:07:49.309 &amp#27;[34mINFO &amp#27;[0;39m [main] &amp#27;[36mo.s.s.c.a.a.c.InitializeAuthenticationProviderBeanManagerConfigurer$InitializeAuthenticationProviderManagerConfigurer&amp#27;[0;39m - Global AuthenticationManager configured with AuthenticationProvider bean with name authenticationProvider
2026-01-05 15:07:49.310 &amp#27;[31mWARN &amp#27;[0;39m [main] &amp#27;[36mo.s.s.c.a.a.c.InitializeUserDetailsBeanManagerConfigurer$InitializeUserDetailsManagerConfigurer&amp#27;[0;39m - Global AuthenticationManager configured with an AuthenticationProvider bean. UserDetailsService beans will not be used by Spring Security for automatically configuring username/password login. Consider removing the AuthenticationProvider bean. Alternatively, consider using the UserDetailsService in a manually instantiated DaoAuthenticationProvider. If the current configuration is intentional, to turn off this warning, increase the logging level of 'org.springframework.security.config.annotation.authentication.configuration.InitializeUserDetailsBeanManagerConfigurer' to ERROR
2026-01-05 15:07:51.061 &amp#27;[39mDEBUG&amp#27;[0;39m [main] &amp#27;[36mo.s.s.w.DefaultSecurityFilterChain&amp#27;[0;39m - Will secure any request with filters: DisableEncodeUrlFilter, WebAsyncManagerIntegrationFilter, SecurityContextHolderFilter, HeaderWriterFilter, CorsFilter, LogoutFilter, AuthTokenFilter, RequestCacheAwareFilter, SecurityContextHolderAwareRequestFilter, AnonymousAuthenticationFilter, SessionManagementFilter, ExceptionTranslationFilter, AuthorizationFilter
2026-01-05 15:07:51.080 &amp#27;[31mWARN &amp#27;[0;39m [main] &amp#27;[36mo.s.s.c.a.w.b.WebSecurity&amp#27;[0;39m - You are asking Spring Security to ignore Deferred [Mvc [pattern='/swagger-ui.html'], Ant [pattern='/swagger-ui.html']]. This is not recommended -- please use permitAll via HttpSecurity#authorizeHttpRequests instead.
2026-01-05 15:07:51.080 &amp#27;[39mDEBUG&amp#27;[0;39m [main] &amp#27;[36mo.s.s.w.DefaultSecurityFilterChain&amp#27;[0;39m - Will not secure Deferred [Mvc [pattern='/swagger-ui.html'], Ant [pattern='/swagger-ui.html']]
2026-01-05 15:07:51.081 &amp#27;[31mWARN &amp#27;[0;39m [main] &amp#27;[36mo.s.s.c.a.w.b.WebSecurity&amp#27;[0;39m - You are asking Spring Security to ignore Deferred [Mvc [pattern='/swagger-ui/**'], Ant [pattern='/swagger-ui/**']]. This is not recommended -- please use permitAll via HttpSecurity#authorizeHttpRequests instead.
2026-01-05 15:07:51.081 &amp#27;[39mDEBUG&amp#27;[0;39m [main] &amp#27;[36mo.s.s.w.DefaultSecurityFilterChain&amp#27;[0;39m - Will not secure Deferred [Mvc [pattern='/swagger-ui/**'], Ant [pattern='/swagger-ui/**']]
2026-01-05 15:07:51.081 &amp#27;[31mWARN &amp#27;[0;39m [main] &amp#27;[36mo.s.s.c.a.w.b.WebSecurity&amp#27;[0;39m - You are asking Spring Security to ignore Deferred [Mvc [pattern='/v3/api-docs/**'], Ant [pattern='/v3/api-docs/**']]. This is not recommended -- please use permitAll via HttpSecurity#authorizeHttpRequests instead.
2026-01-05 15:07:51.082 &amp#27;[39mDEBUG&amp#27;[0;39m [main] &amp#27;[36mo.s.s.w.DefaultSecurityFilterChain&amp#27;[0;39m - Will not secure Deferred [Mvc [pattern='/v3/api-docs/**'], Ant [pattern='/v3/api-docs/**']]
2026-01-05 15:07:51.082 &amp#27;[31mWARN &amp#27;[0;39m [main] &amp#27;[36mo.s.s.c.a.w.b.WebSecurity&amp#27;[0;39m - You are asking Spring Security to ignore Deferred [Mvc [pattern='/actuator/**'], Ant [pattern='/actuator/**']]. This is not recommended -- please use permitAll via HttpSecurity#authorizeHttpRequests instead.
2026-01-05 15:07:51.082 &amp#27;[39mDEBUG&amp#27;[0;39m [main] &amp#27;[36mo.s.s.w.DefaultSecurityFilterChain&amp#27;[0;39m - Will not secure Deferred [Mvc [pattern='/actuator/**'], Ant [pattern='/actuator/**']]
2026-01-05 15:07:51.082 &amp#27;[31mWARN &amp#27;[0;39m [main] &amp#27;[36mo.s.s.c.a.w.b.WebSecurity&amp#27;[0;39m - You are asking Spring Security to ignore Deferred [Mvc [pattern='/error/**'], Ant [pattern='/error/**']]. This is not recommended -- please use permitAll via HttpSecurity#authorizeHttpRequests instead.
2026-01-05 15:07:51.083 &amp#27;[39mDEBUG&amp#27;[0;39m [main] &amp#27;[36mo.s.s.w.DefaultSecurityFilterChain&amp#27;[0;39m - Will not secure Deferred [Mvc [pattern='/error/**'], Ant [pattern='/error/**']]
2026-01-05 15:07:51.601 &amp#27;[34mINFO &amp#27;[0;39m [main] &amp#27;[36mc.o.a.AimApplicationTests&amp#27;[0;39m - Started AimApplicationTests in 10.999 seconds (process running for 12.073)
]]></system-out>
  </testcase>
</testsuite>